<?xml version="1.0" encoding="UTF-8"?>
<!-- Generated by org.testng.reporters.JUnitReportReporter -->
<testsuite hostname="PoojaPatange-PC" name="CCOREAutomation.Analytics_EcommerceAction" tests="2" failures="0" timestamp="24 Dec 2018 14:53:22 GMT" time="73.964" errors="0">
  <testcase name="failTest" time="73.948" classname="CCOREAutomation.Analytics_EcommerceAction"/>
  <testcase name="passTest" time="0.016" classname="CCOREAutomation.Analytics_EcommerceAction"/>
</testsuite> <!-- CCOREAutomation.Analytics_EcommerceAction -->
