<?xml version="1.0" encoding="UTF-8"?>
<!-- Generated by org.testng.reporters.JUnitReportReporter -->
<testsuite skipped="0" hostname="WebTest-VM" name="CCOREAutomation.CCore_CallCenterTools_Pilot" tests="3" failures="0" timestamp="03 Jan 2019 11:13:55 GMT" time="274.959" errors="0">
  <testcase name="skipTest" time="0.006" classname="CCOREAutomation.CCore_CallCenterTools_Pilot"/>
  <testcase name="passTest" time="0.016" classname="CCOREAutomation.CCore_CallCenterTools_Pilot"/>
  <testcase name="failTest" time="274.937" classname="CCOREAutomation.CCore_CallCenterTools_Pilot"/>
</testsuite> <!-- CCOREAutomation.CCore_CallCenterTools_Pilot -->
