<?xml version="1.0" encoding="UTF-8"?>
<!-- Generated by org.testng.reporters.JUnitReportReporter -->
<testsuite skipped="0" hostname="WebTest-VM" name="CCOREAutomation.CCore_Catalogue_Products" tests="3" failures="0" timestamp="03 Jan 2019 10:33:14 GMT" time="366.846" errors="0">
  <testcase name="skipTest" time="0.006" classname="CCOREAutomation.CCore_Catalogue_Products"/>
  <testcase name="passTest" time="0.007" classname="CCOREAutomation.CCore_Catalogue_Products"/>
  <testcase name="failTest" time="366.833" classname="CCOREAutomation.CCore_Catalogue_Products"/>
</testsuite> <!-- CCOREAutomation.CCore_Catalogue_Products -->
